<?xml version="1.0" encoding="UTF-8"?>
<testng-results ignored="0" total="1" passed="1" failed="0" skipped="0">
  <reporter-output>
  </reporter-output>
  <suite started-at="2022-06-16T20:50:50 IST" name="Default suite" finished-at="2022-06-16T20:51:34 IST" duration-ms="43792">
    <groups>
    </groups>
    <test started-at="2022-06-16T20:50:50 IST" name="Default test" finished-at="2022-06-16T20:51:34 IST" duration-ms="43792">
      <class name="Test.PinpageTest">
        <test-method is-config="true" signature="launchbrowser()[pri:0, instance:Test.PinpageTest@611889f4]" started-at="2022-06-16T20:50:50 IST" name="launchbrowser" finished-at="2022-06-16T20:51:05 IST" duration-ms="14683" status="PASS">
          <reporter-output>
          </reporter-output>
        </test-method> <!-- launchbrowser -->
        <test-method signature="loginwithvalidpinTest()[pri:0, instance:Test.PinpageTest@611889f4]" started-at="2022-06-16T20:51:05 IST" name="loginwithvalidpinTest" finished-at="2022-06-16T20:51:34 IST" duration-ms="29034" status="PASS">
          <reporter-output>
          </reporter-output>
        </test-method> <!-- loginwithvalidpinTest -->
      </class> <!-- Test.PinpageTest -->
    </test> <!-- Default test -->
  </suite> <!-- Default suite -->
</testng-results>
